0 info it worked if it ends with ok
1 verbose cli [ 'node', '/usr/local/bin/npm', 'install', '-g', 'yo' ]
2 info using npm@1.4.21
3 info using node@v0.10.30
4 verbose cache add [ 'yo', null ]
5 verbose cache add name=undefined spec="yo" args=["yo",null]
6 verbose parsed url { protocol: null,
6 verbose parsed url   slashes: null,
6 verbose parsed url   auth: null,
6 verbose parsed url   host: null,
6 verbose parsed url   port: null,
6 verbose parsed url   hostname: null,
6 verbose parsed url   hash: null,
6 verbose parsed url   search: null,
6 verbose parsed url   query: null,
6 verbose parsed url   pathname: 'yo',
6 verbose parsed url   path: 'yo',
6 verbose parsed url   href: 'yo' }
7 silly lockFile c41975d1-yo yo
8 verbose lock yo /Users/renzosal/.npm/c41975d1-yo.lock
9 silly lockFile c41975d1-yo yo
10 silly lockFile c41975d1-yo yo
11 verbose addNamed [ 'yo', '' ]
12 verbose addNamed [ null, '*' ]
13 silly lockFile d937c28e-yo yo@
14 verbose lock yo@ /Users/renzosal/.npm/d937c28e-yo.lock
15 silly addNameRange { name: 'yo', range: '*', hasData: false }
16 verbose request where is /yo
17 verbose request registry https://registry.npmjs.org/
18 verbose request id 5138b9155d20468e
19 verbose url raw /yo
20 verbose url resolving [ 'https://registry.npmjs.org/', './yo' ]
21 verbose url resolved https://registry.npmjs.org/yo
22 verbose request where is https://registry.npmjs.org/yo
23 info trying registry request attempt 1 at 20:10:33
24 http GET https://registry.npmjs.org/yo
25 http 200 https://registry.npmjs.org/yo
26 silly registry.get cb [ 200,
26 silly registry.get   { date: 'Mon, 11 Aug 2014 00:10:34 GMT',
26 silly registry.get     server: 'CouchDB/1.5.0 (Erlang OTP/R16B03)',
26 silly registry.get     etag: '"AJXXX7AGRDTFDCLPTAPE8JSXZ"',
26 silly registry.get     'content-type': 'application/json',
26 silly registry.get     'cache-control': 'max-age=60',
26 silly registry.get     'content-length': '42180',
26 silly registry.get     'accept-ranges': 'bytes',
26 silly registry.get     via: '1.1 varnish',
26 silly registry.get     age: '11117',
26 silly registry.get     'x-served-by': 'cache-iad2121-IAD',
26 silly registry.get     'x-cache': 'HIT',
26 silly registry.get     'x-cache-hits': '1',
26 silly registry.get     'x-timer': 'S1407715834.231724,VS0,VE99',
26 silly registry.get     vary: 'Accept',
26 silly registry.get     'keep-alive': 'timeout=10, max=50',
26 silly registry.get     connection: 'Keep-Alive' } ]
27 silly addNameRange number 2 { name: 'yo', range: '*', hasData: true }
28 silly addNameRange versions [ 'yo',
28 silly addNameRange   [ '1.0.0-beta.1',
28 silly addNameRange     '1.0.0-beta.2',
28 silly addNameRange     '1.0.0-beta.3',
28 silly addNameRange     '1.0.0-beta.4',
28 silly addNameRange     '1.0.0-beta.5',
28 silly addNameRange     '1.0.0-beta.6',
28 silly addNameRange     '1.0.0-beta.7',
28 silly addNameRange     '1.0.0-rc.1',
28 silly addNameRange     '1.0.0-rc.1.1',
28 silly addNameRange     '1.0.0-rc.1.2',
28 silly addNameRange     '1.0.0-rc.1.3',
28 silly addNameRange     '1.0.0-rc.1.4',
28 silly addNameRange     '1.0.0',
28 silly addNameRange     '1.0.1',
28 silly addNameRange     '1.0.2',
28 silly addNameRange     '1.0.3',
28 silly addNameRange     '1.0.4',
28 silly addNameRange     '1.0.5',
28 silly addNameRange     '1.0.6',
28 silly addNameRange     '1.0.7-pre.1',
28 silly addNameRange     '1.0.7-pre.2',
28 silly addNameRange     '1.0.7-pre.3',
28 silly addNameRange     '1.1.0',
28 silly addNameRange     '1.1.1',
28 silly addNameRange     '1.1.2',
28 silly addNameRange     '1.2.0',
28 silly addNameRange     '1.2.1' ] ]
29 verbose addNamed [ 'yo', '1.2.1' ]
30 verbose addNamed [ '1.2.1', '1.2.1' ]
31 silly lockFile d0748f21-yo-1-2-1 yo@1.2.1
32 verbose lock yo@1.2.1 /Users/renzosal/.npm/d0748f21-yo-1-2-1.lock
33 silly lockFile 82cd725d-gistry-npmjs-org-yo-yo-1-2-1-tgz https://registry.npmjs.org/yo/-/yo-1.2.1.tgz
34 verbose lock https://registry.npmjs.org/yo/-/yo-1.2.1.tgz /Users/renzosal/.npm/82cd725d-gistry-npmjs-org-yo-yo-1-2-1-tgz.lock
35 verbose addRemoteTarball [ 'https://registry.npmjs.org/yo/-/yo-1.2.1.tgz',
35 verbose addRemoteTarball   '95ca7731511534c782f5934fa0db6718487d1528' ]
36 info retry fetch attempt 1 at 20:10:34
37 verbose fetch to= /var/folders/1k/643pzjsx1zz7026p2kj9n3100000gn/T/npm-44356-oON8WVqd/registry.npmjs.org/yo/-/yo-1.2.1.tgz
38 http GET https://registry.npmjs.org/yo/-/yo-1.2.1.tgz
39 http 200 https://registry.npmjs.org/yo/-/yo-1.2.1.tgz
40 silly lockFile 82cd725d-gistry-npmjs-org-yo-yo-1-2-1-tgz https://registry.npmjs.org/yo/-/yo-1.2.1.tgz
41 silly lockFile 82cd725d-gistry-npmjs-org-yo-yo-1-2-1-tgz https://registry.npmjs.org/yo/-/yo-1.2.1.tgz
42 silly lockFile d0748f21-yo-1-2-1 yo@1.2.1
43 silly lockFile d0748f21-yo-1-2-1 yo@1.2.1
44 silly lockFile d937c28e-yo yo@
45 silly lockFile d937c28e-yo yo@
46 silly resolved [ { name: 'yo',
46 silly resolved     version: '1.2.1',
46 silly resolved     description: 'CLI tool for running Yeoman generators',
46 silly resolved     license: 'BSD',
46 silly resolved     bin: { yo: 'cli.js' },
46 silly resolved     author: { name: 'The Yeoman Team' },
46 silly resolved     repository: { type: 'git', url: 'git://github.com/yeoman/yo' },
46 silly resolved     engines: { node: '>=0.10.0', npm: '>=1.4.3' },
46 silly resolved     scripts:
46 silly resolved      { test: 'grunt',
46 silly resolved        postinstall: 'node ./scripts/doctor',
46 silly resolved        postupdate: 'node ./scripts/doctor' },
46 silly resolved     files: [ 'cli.js', 'yoyo.js', 'yeoman.txt', 'scripts' ],
46 silly resolved     keywords:
46 silly resolved      [ 'front-end',
46 silly resolved        'development',
46 silly resolved        'dev',
46 silly resolved        'build',
46 silly resolved        'web',
46 silly resolved        'tool',
46 silly resolved        'cli',
46 silly resolved        'scaffold',
46 silly resolved        'stack',
46 silly resolved        'yeoman',
46 silly resolved        'generator',
46 silly resolved        'app' ],
46 silly resolved     dependencies:
46 silly resolved      { async: '^0.9.0',
46 silly resolved        chalk: '^0.5.0',
46 silly resolved        findup: '^0.1.3',
46 silly resolved        fullname: '^0.1.0',
46 silly resolved        insight: '^0.3.1',
46 silly resolved        'is-root': '^0.1.0',
46 silly resolved        lodash: '^2.4.1',
46 silly resolved        multiline: '^0.3.4',
46 silly resolved        nopt: '^3.0.0',
46 silly resolved        opn: '^0.1.1',
46 silly resolved        shelljs: '^0.3.0',
46 silly resolved        'string-length': '^0.1.2',
46 silly resolved        'sudo-block': '^0.4.0',
46 silly resolved        'update-notifier': '^0.2.0',
46 silly resolved        'yeoman-generator': '^0.17.1',
46 silly resolved        yosay: '^0.3.0' },
46 silly resolved     peerDependencies: { 'grunt-cli': '>=0.1.7', bower: '>=1.0.0' },
46 silly resolved     devDependencies:
46 silly resolved      { grunt: '^0.4.2',
46 silly resolved        'grunt-contrib-jshint': '^0.10.0',
46 silly resolved        'grunt-contrib-watch': '^0.6.1',
46 silly resolved        'grunt-mocha-test': '^0.11.0',
46 silly resolved        mockery: '^1.4.0',
46 silly resolved        sinon: '^1.10.3' },
46 silly resolved     engineStrict: true,
46 silly resolved     preferGlobal: true,
46 silly resolved     bugs: { url: 'https://github.com/yeoman/yo/issues' },
46 silly resolved     homepage: 'https://github.com/yeoman/yo',
46 silly resolved     _id: 'yo@1.2.1',
46 silly resolved     dist:
46 silly resolved      { shasum: '95ca7731511534c782f5934fa0db6718487d1528',
46 silly resolved        tarball: 'http://registry.npmjs.org/yo/-/yo-1.2.1.tgz' },
46 silly resolved     _from: 'yo@',
46 silly resolved     _npmVersion: '1.4.6',
46 silly resolved     _npmUser: { name: 'sboudrias', email: 'admin@simonboudrias.com' },
46 silly resolved     maintainers: [ [Object], [Object], [Object], [Object], [Object], [Object] ],
46 silly resolved     directories: {},
46 silly resolved     _shasum: '95ca7731511534c782f5934fa0db6718487d1528',
46 silly resolved     _resolved: 'https://registry.npmjs.org/yo/-/yo-1.2.1.tgz' } ]
47 info install yo@1.2.1 into /usr/local/lib
48 info installOne yo@1.2.1
49 verbose lib/node_modules/yo unbuild
50 verbose tar unpack /Users/renzosal/.npm/yo/1.2.1/package.tgz
51 silly lockFile 7d7c7bef-ar-usr-local-lib-node-modules-yo tar:///usr/local/lib/node_modules/yo
52 verbose lock tar:///usr/local/lib/node_modules/yo /Users/renzosal/.npm/7d7c7bef-ar-usr-local-lib-node-modules-yo.lock
53 silly lockFile 402b851f-enzosal-npm-yo-1-2-1-package-tgz tar:///Users/renzosal/.npm/yo/1.2.1/package.tgz
54 verbose lock tar:///Users/renzosal/.npm/yo/1.2.1/package.tgz /Users/renzosal/.npm/402b851f-enzosal-npm-yo-1-2-1-package-tgz.lock
55 silly gunzTarPerm modes [ '755', '644' ]
56 error Error: EACCES, mkdir '/usr/local/lib/node_modules/yo'
56 error  { [Error: EACCES, mkdir '/usr/local/lib/node_modules/yo']
56 error   errno: 3,
56 error   code: 'EACCES',
56 error   path: '/usr/local/lib/node_modules/yo',
56 error   fstream_type: 'Directory',
56 error   fstream_path: '/usr/local/lib/node_modules/yo',
56 error   fstream_class: 'DirWriter',
56 error   fstream_stack:
56 error    [ '/usr/local/lib/node_modules/npm/node_modules/fstream/lib/dir-writer.js:36:23',
56 error      '/usr/local/lib/node_modules/npm/node_modules/mkdirp/index.js:37:53',
56 error      'Object.oncomplete (fs.js:107:15)' ] }
57 error Please try running this command again as root/Administrator.
58 error System Darwin 13.3.0
59 error command "node" "/usr/local/bin/npm" "install" "-g" "yo"
60 error cwd /Users/renzosal/programming projects/World Cup
61 error node -v v0.10.30
62 error npm -v 1.4.21
63 error path /usr/local/lib/node_modules/yo
64 error fstream_path /usr/local/lib/node_modules/yo
65 error fstream_type Directory
66 error fstream_class DirWriter
67 error code EACCES
68 error errno 3
69 error stack Error: EACCES, mkdir '/usr/local/lib/node_modules/yo'
70 error fstream_stack /usr/local/lib/node_modules/npm/node_modules/fstream/lib/dir-writer.js:36:23
70 error fstream_stack /usr/local/lib/node_modules/npm/node_modules/mkdirp/index.js:37:53
70 error fstream_stack Object.oncomplete (fs.js:107:15)
71 verbose exit [ 3, true ]
